{"C:\\Users\\Ezequiel\\Desktop\\rest_api_node_ts_server\\src\\router.ts": {"path":"C:\\Users\\Ezequiel\\Desktop\\rest_api_node_ts_server\\src\\router.ts","statementMap":{"0":{"start":{"line":1,"column":0},"end":{"line":1,"column":32}},"1":{"start":{"line":2,"column":0},"end":{"line":2,"column":130}},"2":{"start":{"line":3,"column":0},"end":{"line":3,"column":45}},"3":{"start":{"line":4,"column":0},"end":{"line":4,"column":48}},"4":{"start":{"line":6,"column":15},"end":{"line":6,"column":23}},"5":{"start":{"line":11,"column":0},"end":{"line":11,"column":null}},"6":{"start":{"line":12,"column":0},"end":{"line":15,"column":null}},"7":{"start":{"line":17,"column":0},"end":{"line":28,"column":null}},"8":{"start":{"line":25,"column":34},"end":{"line":25,"column":43}},"9":{"start":{"line":30,"column":0},"end":{"line":42,"column":null}},"10":{"start":{"line":37,"column":34},"end":{"line":37,"column":43}},"11":{"start":{"line":44,"column":0},"end":{"line":48,"column":null}},"12":{"start":{"line":50,"column":0},"end":{"line":54,"column":null}},"13":{"start":{"line":56,"column":0},"end":{"line":56,"column":null}}},"fnMap":{"0":{"name":"(anonymous_0)","decl":{"start":{"line":25,"column":25},"end":{"line":25,"column":30}},"loc":{"start":{"line":25,"column":34},"end":{"line":25,"column":43}}},"1":{"name":"(anonymous_1)","decl":{"start":{"line":37,"column":25},"end":{"line":37,"column":30}},"loc":{"start":{"line":37,"column":34},"end":{"line":37,"column":43}}}},"branchMap":{},"s":{"0":2,"1":2,"2":2,"3":2,"4":2,"5":2,"6":2,"7":2,"8":4,"9":2,"10":5,"11":2,"12":2,"13":2},"f":{"0":4,"1":5},"b":{}}
,"C:\\Users\\Ezequiel\\Desktop\\rest_api_node_ts_server\\src\\server.ts": {"path":"C:\\Users\\Ezequiel\\Desktop\\rest_api_node_ts_server\\src\\server.ts","statementMap":{"0":{"start":{"line":7,"column":0},"end":{"line":7,"column":22}},"1":{"start":{"line":1,"column":0},"end":{"line":1,"column":29}},"2":{"start":{"line":2,"column":0},"end":{"line":2,"column":29}},"3":{"start":{"line":3,"column":0},"end":{"line":3,"column":28}},"4":{"start":{"line":4,"column":0},"end":{"line":4,"column":27}},"5":{"start":{"line":8,"column":4},"end":{"line":15,"column":5}},"6":{"start":{"line":9,"column":8},"end":{"line":9,"column":null}},"7":{"start":{"line":10,"column":8},"end":{"line":10,"column":null}},"8":{"start":{"line":11,"column":8},"end":{"line":11,"column":null}},"9":{"start":{"line":13,"column":8},"end":{"line":13,"column":null}},"10":{"start":{"line":14,"column":8},"end":{"line":14,"column":null}},"11":{"start":{"line":18,"column":0},"end":{"line":18,"column":null}},"12":{"start":{"line":21,"column":15},"end":{"line":21,"column":24}},"13":{"start":{"line":24,"column":0},"end":{"line":24,"column":null}},"14":{"start":{"line":26,"column":0},"end":{"line":26,"column":36}},"15":{"start":{"line":28,"column":0},"end":{"line":30,"column":null}},"16":{"start":{"line":29,"column":4},"end":{"line":29,"column":null}},"17":{"start":{"line":33,"column":0},"end":{"line":33,"column":22}}},"fnMap":{"0":{"name":"connectDB","decl":{"start":{"line":7,"column":22},"end":{"line":7,"column":31}},"loc":{"start":{"line":7,"column":31},"end":{"line":16,"column":null}}},"1":{"name":"(anonymous_10)","decl":{"start":{"line":28,"column":19},"end":{"line":28,"column":20}},"loc":{"start":{"line":28,"column":32},"end":{"line":30,"column":1}}}},"branchMap":{},"s":{"0":2,"1":2,"2":2,"3":2,"4":2,"5":3,"6":3,"7":2,"8":2,"9":1,"10":1,"11":2,"12":2,"13":2,"14":2,"15":2,"16":1,"17":2},"f":{"0":3,"1":1},"b":{}}
,"C:\\Users\\Ezequiel\\Desktop\\rest_api_node_ts_server\\src\\config\\db.ts": {"path":"C:\\Users\\Ezequiel\\Desktop\\rest_api_node_ts_server\\src\\config\\db.ts","statementMap":{"0":{"start":{"line":1,"column":0},"end":{"line":1,"column":49}},"1":{"start":{"line":2,"column":0},"end":{"line":2,"column":27}},"2":{"start":{"line":3,"column":0},"end":{"line":3,"column":null}},"3":{"start":{"line":5,"column":11},"end":{"line":8,"column":2}},"4":{"start":{"line":10,"column":0},"end":{"line":10,"column":null}}},"fnMap":{},"branchMap":{},"s":{"0":2,"1":2,"2":2,"3":2,"4":2},"f":{},"b":{}}
,"C:\\Users\\Ezequiel\\Desktop\\rest_api_node_ts_server\\src\\handlers\\product.ts": {"path":"C:\\Users\\Ezequiel\\Desktop\\rest_api_node_ts_server\\src\\handlers\\product.ts","statementMap":{"0":{"start":{"line":2,"column":0},"end":{"line":2,"column":45}},"1":{"start":{"line":8,"column":27},"end":{"line":16,"column":null}},"2":{"start":{"line":8,"column":65},"end":{"line":16,"column":null}},"3":{"start":{"line":9,"column":21},"end":{"line":14,"column":6}},"4":{"start":{"line":15,"column":4},"end":{"line":15,"column":null}},"5":{"start":{"line":8,"column":13},"end":{"line":8,"column":27}},"6":{"start":{"line":18,"column":30},"end":{"line":30,"column":null}},"7":{"start":{"line":18,"column":68},"end":{"line":30,"column":null}},"8":{"start":{"line":19,"column":4},"end":{"line":19,"column":null}},"9":{"start":{"line":20,"column":19},"end":{"line":20,"column":29}},"10":{"start":{"line":21,"column":20},"end":{"line":21,"column":46}},"11":{"start":{"line":23,"column":4},"end":{"line":27,"column":5}},"12":{"start":{"line":24,"column":8},"end":{"line":26,"column":null}},"13":{"start":{"line":29,"column":4},"end":{"line":29,"column":null}},"14":{"start":{"line":18,"column":13},"end":{"line":18,"column":30}},"15":{"start":{"line":32,"column":29},"end":{"line":35,"column":null}},"16":{"start":{"line":32,"column":67},"end":{"line":35,"column":null}},"17":{"start":{"line":33,"column":20},"end":{"line":33,"column":51}},"18":{"start":{"line":34,"column":4},"end":{"line":34,"column":null}},"19":{"start":{"line":32,"column":13},"end":{"line":32,"column":29}},"20":{"start":{"line":37,"column":29},"end":{"line":52,"column":null}},"21":{"start":{"line":37,"column":67},"end":{"line":52,"column":null}},"22":{"start":{"line":38,"column":23},"end":{"line":38,"column":33}},"23":{"start":{"line":39,"column":24},"end":{"line":39,"column":50}},"24":{"start":{"line":41,"column":8},"end":{"line":45,"column":9}},"25":{"start":{"line":42,"column":12},"end":{"line":44,"column":null}},"26":{"start":{"line":48,"column":8},"end":{"line":48,"column":null}},"27":{"start":{"line":49,"column":8},"end":{"line":49,"column":null}},"28":{"start":{"line":50,"column":8},"end":{"line":50,"column":null}},"29":{"start":{"line":37,"column":13},"end":{"line":37,"column":29}},"30":{"start":{"line":54,"column":34},"end":{"line":72,"column":null}},"31":{"start":{"line":54,"column":72},"end":{"line":72,"column":null}},"32":{"start":{"line":55,"column":19},"end":{"line":55,"column":29}},"33":{"start":{"line":56,"column":20},"end":{"line":56,"column":46}},"34":{"start":{"line":58,"column":4},"end":{"line":62,"column":5}},"35":{"start":{"line":59,"column":8},"end":{"line":61,"column":null}},"36":{"start":{"line":65,"column":4},"end":{"line":65,"column":null}},"37":{"start":{"line":66,"column":4},"end":{"line":66,"column":null}},"38":{"start":{"line":68,"column":4},"end":{"line":68,"column":null}},"39":{"start":{"line":70,"column":4},"end":{"line":70,"column":null}},"40":{"start":{"line":54,"column":13},"end":{"line":54,"column":34}},"41":{"start":{"line":74,"column":29},"end":{"line":87,"column":null}},"42":{"start":{"line":74,"column":67},"end":{"line":87,"column":null}},"43":{"start":{"line":75,"column":19},"end":{"line":75,"column":29}},"44":{"start":{"line":76,"column":20},"end":{"line":76,"column":46}},"45":{"start":{"line":78,"column":4},"end":{"line":82,"column":5}},"46":{"start":{"line":79,"column":8},"end":{"line":81,"column":null}},"47":{"start":{"line":84,"column":4},"end":{"line":84,"column":null}},"48":{"start":{"line":85,"column":4},"end":{"line":85,"column":null}},"49":{"start":{"line":74,"column":13},"end":{"line":74,"column":29}}},"fnMap":{"0":{"name":"(anonymous_8)","decl":{"start":{"line":8,"column":27},"end":{"line":8,"column":34}},"loc":{"start":{"line":8,"column":65},"end":{"line":16,"column":null}}},"1":{"name":"(anonymous_9)","decl":{"start":{"line":8,"column":65},"end":{"line":8,"column":null}},"loc":{"start":{"line":8,"column":65},"end":{"line":16,"column":1}}},"2":{"name":"(anonymous_10)","decl":{"start":{"line":18,"column":30},"end":{"line":18,"column":37}},"loc":{"start":{"line":18,"column":68},"end":{"line":30,"column":null}}},"3":{"name":"(anonymous_11)","decl":{"start":{"line":18,"column":68},"end":{"line":18,"column":null}},"loc":{"start":{"line":18,"column":68},"end":{"line":30,"column":1}}},"4":{"name":"(anonymous_12)","decl":{"start":{"line":32,"column":29},"end":{"line":32,"column":36}},"loc":{"start":{"line":32,"column":67},"end":{"line":35,"column":null}}},"5":{"name":"(anonymous_13)","decl":{"start":{"line":32,"column":67},"end":{"line":32,"column":null}},"loc":{"start":{"line":32,"column":67},"end":{"line":35,"column":1}}},"6":{"name":"(anonymous_14)","decl":{"start":{"line":37,"column":29},"end":{"line":37,"column":36}},"loc":{"start":{"line":37,"column":67},"end":{"line":52,"column":null}}},"7":{"name":"(anonymous_15)","decl":{"start":{"line":37,"column":67},"end":{"line":37,"column":null}},"loc":{"start":{"line":37,"column":67},"end":{"line":52,"column":1}}},"8":{"name":"(anonymous_16)","decl":{"start":{"line":54,"column":34},"end":{"line":54,"column":41}},"loc":{"start":{"line":54,"column":72},"end":{"line":72,"column":null}}},"9":{"name":"(anonymous_17)","decl":{"start":{"line":54,"column":72},"end":{"line":54,"column":null}},"loc":{"start":{"line":54,"column":72},"end":{"line":72,"column":1}}},"10":{"name":"(anonymous_18)","decl":{"start":{"line":74,"column":29},"end":{"line":74,"column":36}},"loc":{"start":{"line":74,"column":67},"end":{"line":87,"column":null}}},"11":{"name":"(anonymous_19)","decl":{"start":{"line":74,"column":67},"end":{"line":74,"column":null}},"loc":{"start":{"line":74,"column":67},"end":{"line":87,"column":1}}}},"branchMap":{"0":{"loc":{"start":{"line":23,"column":4},"end":{"line":27,"column":5}},"type":"if","locations":[{"start":{"line":23,"column":4},"end":{"line":27,"column":5}}]},"1":{"loc":{"start":{"line":41,"column":8},"end":{"line":45,"column":9}},"type":"if","locations":[{"start":{"line":41,"column":8},"end":{"line":45,"column":9}}]},"2":{"loc":{"start":{"line":58,"column":4},"end":{"line":62,"column":5}},"type":"if","locations":[{"start":{"line":58,"column":4},"end":{"line":62,"column":5}}]},"3":{"loc":{"start":{"line":78,"column":4},"end":{"line":82,"column":5}},"type":"if","locations":[{"start":{"line":78,"column":4},"end":{"line":82,"column":5}}]}},"s":{"0":2,"1":2,"2":2,"3":2,"4":2,"5":2,"6":2,"7":2,"8":2,"9":2,"10":2,"11":2,"12":1,"13":1,"14":2,"15":2,"16":1,"17":1,"18":1,"19":2,"20":2,"21":2,"22":2,"23":2,"24":2,"25":1,"26":1,"27":1,"28":1,"29":2,"30":2,"31":2,"32":2,"33":2,"34":2,"35":1,"36":1,"37":1,"38":1,"39":1,"40":2,"41":2,"42":2,"43":2,"44":2,"45":2,"46":1,"47":1,"48":1,"49":2},"f":{"0":2,"1":2,"2":2,"3":2,"4":1,"5":1,"6":2,"7":2,"8":2,"9":2,"10":2,"11":2},"b":{"0":[1],"1":[1],"2":[1],"3":[1]}}
,"C:\\Users\\Ezequiel\\Desktop\\rest_api_node_ts_server\\src\\middleware\\index.ts": {"path":"C:\\Users\\Ezequiel\\Desktop\\rest_api_node_ts_server\\src\\middleware\\index.ts","statementMap":{"0":{"start":{"line":2,"column":0},"end":{"line":2,"column":52}},"1":{"start":{"line":6,"column":33},"end":{"line":13,"column":1}},"2":{"start":{"line":7,"column":17},"end":{"line":7,"column":38}},"3":{"start":{"line":8,"column":4},"end":{"line":10,"column":5}},"4":{"start":{"line":9,"column":8},"end":{"line":9,"column":null}},"5":{"start":{"line":12,"column":4},"end":{"line":12,"column":null}},"6":{"start":{"line":6,"column":13},"end":{"line":6,"column":33}}},"fnMap":{"0":{"name":"(anonymous_0)","decl":{"start":{"line":6,"column":33},"end":{"line":6,"column":34}},"loc":{"start":{"line":6,"column":85},"end":{"line":13,"column":1}}}},"branchMap":{"0":{"loc":{"start":{"line":8,"column":4},"end":{"line":10,"column":5}},"type":"if","locations":[{"start":{"line":8,"column":4},"end":{"line":10,"column":5}}]}},"s":{"0":2,"1":2,"2":17,"3":17,"4":8,"5":9,"6":2},"f":{"0":17},"b":{"0":[8]}}
,"C:\\Users\\Ezequiel\\Desktop\\rest_api_node_ts_server\\src\\models\\Product.model.ts": {"path":"C:\\Users\\Ezequiel\\Desktop\\rest_api_node_ts_server\\src\\models\\Product.model.ts","statementMap":{"0":{"start":{"line":1,"column":0},"end":{"line":1,"column":77}},"1":{"start":{"line":7,"column":0},"end":{"line":23,"column":null}},"2":{"start":{"line":11,"column":12},"end":{"line":11,"column":null}},"3":{"start":{"line":16,"column":12},"end":{"line":16,"column":null}},"4":{"start":{"line":22,"column":12},"end":{"line":22,"column":null}},"5":{"start":{"line":7,"column":6},"end":{"line":23,"column":null}},"6":{"start":{"line":25,"column":0},"end":{"line":25,"column":null}}},"fnMap":{},"branchMap":{},"s":{"0":3,"1":3,"2":3,"3":3,"4":3,"5":3,"6":3},"f":{},"b":{}}
}
